\BOOKMARK [0][-]{chapter.1}{1 Introduction}{}% 1
\BOOKMARK [0][-]{chapter.2}{2 Unmodified band structure}{}% 2
\BOOKMARK [1][-]{section.2.1}{2.1 Graphene's lattice and Brillouin zone }{chapter.2}% 3
\BOOKMARK [1][-]{section.2.2}{2.2 Tight binding motivation}{chapter.2}% 4
\BOOKMARK [1][-]{section.2.3}{2.3 Tight binding in graphene }{chapter.2}% 5
\BOOKMARK [2][-]{subsection.2.3.1}{2.3.1 Nearest neighbor tight binding}{section.2.3}% 6
\BOOKMARK [2][-]{subsection.2.3.2}{2.3.2 Low energy approximation}{section.2.3}% 7
\BOOKMARK [1][-]{section.2.4}{2.4 Dirac-Weyl electrons}{chapter.2}% 8
\BOOKMARK [1][-]{section.2.5}{2.5 Summary}{chapter.2}% 9
\BOOKMARK [0][-]{chapter.3}{3 Strain-induced vector potentials: Lattice-corrections and engineered pseudomagnetic fields}{}% 10
\BOOKMARK [1][-]{section.3.1}{3.1 Derivation of the pseudovector potentials}{chapter.3}% 11
\BOOKMARK [2][-]{subsection.3.1.1}{3.1.1 Qualitative argument}{section.3.1}% 12
\BOOKMARK [2][-]{subsection.3.1.2}{3.1.2 Strain-altered lattice vectors }{section.3.1}% 13
\BOOKMARK [2][-]{subsection.3.1.3}{3.1.3 Strain-altered hopping energies}{section.3.1}% 14
\BOOKMARK [2][-]{subsection.3.1.4}{3.1.4 Hamiltonian of strained graphene}{section.3.1}% 15
\BOOKMARK [2][-]{subsection.3.1.5}{3.1.5 Pseudovector potentials}{section.3.1}% 16
\BOOKMARK [1][-]{section.3.2}{3.2 Pseudovector potential discussion}{chapter.3}% 17
\BOOKMARK [1][-]{section.3.3}{3.3 Pseudomagnetic fields}{chapter.3}% 18
\BOOKMARK [2][-]{subsection.3.3.1}{3.3.1 Contribution of lattice-corrections to the pseudomagnetic field}{section.3.3}% 19
\BOOKMARK [2][-]{subsection.3.3.2}{3.3.2 Pressurized graphene sealed microchambers: pseudomagnetic field test bed}{section.3.3}% 20
\BOOKMARK [2][-]{subsection.3.3.3}{3.3.3 Large, localized, plasmonically enhanced pseudomagnetic fields}{section.3.3}% 21
\BOOKMARK [2][-]{subsection.3.3.4}{3.3.4 The necessity of proper continuum modeling}{section.3.3}% 22
\BOOKMARK [1][-]{section.3.4}{3.4 Conclusion}{chapter.3}% 23
\BOOKMARK [0][-]{chapter.4}{4 How graphene slides: Graphene's anomalous macroscopic friction }{}% 24
\BOOKMARK [1][-]{section.4.1}{4.1 Raman G band strain response}{chapter.4}% 25
\BOOKMARK [1][-]{section.4.2}{4.2 Experimental Design }{chapter.4}% 26
\BOOKMARK [2][-]{subsection.4.2.1}{4.2.1 Pressure trapped in microchambers}{section.4.2}% 27
\BOOKMARK [1][-]{section.4.3}{4.3 Qualitative results}{chapter.4}% 28
\BOOKMARK [1][-]{section.4.4}{4.4 Continuum model of strain distributions }{chapter.4}% 29
\BOOKMARK [2][-]{subsection.4.4.1}{4.4.1 Detailed derivation of the extended Hencky model}{section.4.4}% 30
\BOOKMARK [2][-]{subsection.4.4.2}{4.4.2 Detailed description of the Atomistic model }{section.4.4}% 31
\BOOKMARK [1][-]{section.4.5}{4.5 Fitting Raman spectra to the continuum model}{chapter.4}% 32
\BOOKMARK [1][-]{section.4.6}{4.6 Measured frictional dependencies}{chapter.4}% 33
\BOOKMARK [1][-]{section.4.7}{4.7 Summary}{chapter.4}% 34
\BOOKMARK [0][-]{chapter.5}{5 The thermal conductivity of strained graphene }{}% 35
\BOOKMARK [1][-]{section.5.1}{5.1 Experimental background }{chapter.5}% 36
\BOOKMARK [1][-]{section.5.2}{5.2 Theoretical background}{chapter.5}% 37
\BOOKMARK [1][-]{section.5.3}{5.3 Tuning the ZA phonon}{chapter.5}% 38
\BOOKMARK [2][-]{subsection.5.3.1}{5.3.1 Thermal measurements}{section.5.3}% 39
\BOOKMARK [2][-]{subsection.5.3.2}{5.3.2 Data analysis}{section.5.3}% 40
\BOOKMARK [2][-]{subsection.5.3.3}{5.3.3 Discussion}{section.5.3}% 41
\BOOKMARK [2][-]{subsection.5.3.4}{5.3.4 Conclusions}{section.5.3}% 42
\BOOKMARK [0][-]{chapter.6}{6 Phonon induced band gap in graphene }{}% 43
\BOOKMARK [1][-]{section.6.1}{6.1 Theory}{chapter.6}% 44
\BOOKMARK [2][-]{subsection.6.1.1}{6.1.1 The Kekul\351 phonon}{section.6.1}% 45
\BOOKMARK [2][-]{subsection.6.1.2}{6.1.2 Kekul\351 geometry}{section.6.1}% 46
\BOOKMARK [2][-]{subsection.6.1.3}{6.1.3 Zone folding}{section.6.1}% 47
\BOOKMARK [2][-]{subsection.6.1.4}{6.1.4 Altered hoppings}{section.6.1}% 48
\BOOKMARK [2][-]{subsection.6.1.5}{6.1.5 Tight binding of the expanded Kekul\351 lattice}{section.6.1}% 49
\BOOKMARK [1][-]{section.6.2}{6.2 Measurement prospects}{chapter.6}% 50
\BOOKMARK [1][-]{section.6.3}{6.3 Summary}{chapter.6}% 51
\BOOKMARK [0][-]{chapter.7}{7 Conclusion}{}% 52
\BOOKMARK [0][-]{appendix.A}{A The first Brillouin zone of strained graphene }{}% 53
\BOOKMARK [0][-]{appendix.B}{B Slowly varying approximation }{}% 54
\BOOKMARK [0][-]{appendix.C}{C Global fitting algorithm }{}% 55
\BOOKMARK [0][-]{appendix.D}{D Heat transport model }{}% 56
\BOOKMARK [1][-]{section.D.1}{D.1 Model derivation}{appendix.D}% 57
\BOOKMARK [1][-]{section.D.2}{D.2 Relating model to measurements}{appendix.D}% 58
\BOOKMARK [0][-]{appendix.E}{E Hopping energies in the Kekul\351 geometry }{}% 59
\BOOKMARK [0][-]{appendix.F}{F Electrical transport experimental design }{}% 60
\BOOKMARK [1][-]{section.F.1}{F.1 Gate dependent transport}{appendix.F}% 61
\BOOKMARK [1][-]{section.F.2}{F.2 Electrical transport fingerprints of the phonon induced band gap}{appendix.F}% 62
\BOOKMARK [1][-]{section.F.3}{F.3 Measurement of the gate dependent electrical transport}{appendix.F}% 63
\BOOKMARK [0][-]{appendix*.69}{Curriculum Vitae}{}% 64
